[debug] [2026-02-19T12:47:01.298Z] ----------------------------------------------------------------------
[debug] [2026-02-19T12:47:01.327Z] Command:       C:\Program Files\nodejs\node.exe C:\Users\nares\AppData\Roaming\npm\node_modules\firebase-tools\lib\bin\firebase.js init
[debug] [2026-02-19T12:47:01.328Z] CLI Version:   15.6.0
[debug] [2026-02-19T12:47:01.328Z] Platform:      win32
[debug] [2026-02-19T12:47:01.328Z] Node Version:  v23.8.0
[debug] [2026-02-19T12:47:01.330Z] Time:          Thu Feb 19 2026 18:17:01 GMT+0530 (India Standard Time)
[debug] [2026-02-19T12:47:01.331Z] ----------------------------------------------------------------------
[debug] 
[debug] [2026-02-19T12:47:01.337Z] >>> [apiv2][query] GET https://firebase-public.firebaseio.com/cli.json [none]
[info] 
     ######## #### ########  ######## ########     ###     ######  ########
     ##        ##  ##     ## ##       ##     ##  ##   ##  ##       ##
     ######    ##  ########  ######   ########  #########  ######  ######
     ##        ##  ##    ##  ##       ##     ## ##     ##       ## ##
     ##       #### ##     ## ######## ########  ##     ##  ######  ########

You're about to initialize a Firebase project in this directory:

  D:\app

[debug] [2026-02-19T12:47:07.781Z] <<< [apiv2][status] GET https://firebase-public.firebaseio.com/cli.json 200
[debug] [2026-02-19T12:47:07.781Z] <<< [apiv2][body] GET https://firebase-public.firebaseio.com/cli.json {"cloudBuildErrorAfter":1594252800000,"cloudBuildWarnAfter":1590019200000,"defaultNode10After":1594252800000,"minVersion":"3.0.5","node8DeploysDisabledAfter":1613390400000,"node8RuntimeDisabledAfter":1615809600000,"node8WarnAfter":1600128000000}
[info] 
=== Project Setup
[info] 
[info] First, let's associate this project directory with a Firebase project.
[info] You can create multiple project aliases by running firebase use --add, 
[info] 
[debug] [2026-02-19T12:51:58.955Z] > command requires scopes: ["email","openid","https://www.googleapis.com/auth/cloudplatformprojects.readonly","https://www.googleapis.com/auth/firebase","https://www.googleapis.com/auth/cloud-platform"]
[debug] [2026-02-19T12:51:58.956Z] > authorizing via signed-in user (nareshkrishnan.m28@gmail.com)
[debug] [2026-02-19T12:51:58.960Z] Checked if tokens are valid: false, expires at: 1741546363159
[debug] [2026-02-19T12:51:58.962Z] Checked if tokens are valid: false, expires at: 1741546363159
[debug] [2026-02-19T12:51:58.963Z] > refreshing access token with scopes: []
[debug] [2026-02-19T12:51:58.969Z] >>> [apiv2][query] POST https://www.googleapis.com/oauth2/v3/token [none]
[debug] [2026-02-19T12:51:58.969Z] >>> [apiv2][body] POST https://www.googleapis.com/oauth2/v3/token [omitted]
[debug] [2026-02-19T12:51:59.293Z] <<< [apiv2][status] POST https://www.googleapis.com/oauth2/v3/token 400
[debug] [2026-02-19T12:51:59.294Z] <<< [apiv2][body] POST https://www.googleapis.com/oauth2/v3/token [omitted]
[debug] [2026-02-19T12:51:59.295Z] >>> [apiv2][query] GET https://firebase.googleapis.com/v1beta1/projects pageSize=100
[debug] [2026-02-19T12:51:59.955Z] <<< [apiv2][status] GET https://firebase.googleapis.com/v1beta1/projects 401
[debug] [2026-02-19T12:51:59.956Z] <<< [apiv2][body] GET https://firebase.googleapis.com/v1beta1/projects [omitted]
[debug] [2026-02-19T12:51:59.956Z] Got a 401 Unauthenticated error for a call that required authentication. Refreshing tokens.
[debug] [2026-02-19T12:51:59.956Z] Checked if tokens are valid: false, expires at: 1741546363159
[debug] [2026-02-19T12:51:59.956Z] Checked if tokens are valid: false, expires at: 1741546363159
[debug] [2026-02-19T12:51:59.956Z] > refreshing access token with scopes: []
[debug] [2026-02-19T12:51:59.958Z] >>> [apiv2][query] POST https://www.googleapis.com/oauth2/v3/token [none]
[debug] [2026-02-19T12:51:59.958Z] >>> [apiv2][body] POST https://www.googleapis.com/oauth2/v3/token [omitted]
[debug] [2026-02-19T12:52:00.042Z] <<< [apiv2][status] POST https://www.googleapis.com/oauth2/v3/token 400
[debug] [2026-02-19T12:52:00.043Z] <<< [apiv2][body] POST https://www.googleapis.com/oauth2/v3/token [omitted]
[debug] [2026-02-19T12:52:00.045Z] Request to https://firebase.googleapis.com/v1beta1/projects?pageSize=100 had HTTP Error: 401, Request had invalid authentication credentials. Expected OAuth 2 access token, login cookie or other valid authentication credential. See https://developers.google.com/identity/sign-in/web/devconsole-project.
[debug] [2026-02-19T12:52:00.487Z] FirebaseError: Request to https://firebase.googleapis.com/v1beta1/projects?pageSize=100 had HTTP Error: 401, Request had invalid authentication credentials. Expected OAuth 2 access token, login cookie or other valid authentication credential. See https://developers.google.com/identity/sign-in/web/devconsole-project.
    at responseToError (C:\Users\nares\AppData\Roaming\npm\node_modules\firebase-tools\lib\responseToError.js:53:12)
    at RetryOperation._fn (C:\Users\nares\AppData\Roaming\npm\node_modules\firebase-tools\lib\apiv2.js:330:77)
    at process.processTicksAndRejections (node:internal/process/task_queues:105:5)
[error] 
[error] Error: Failed to list Firebase projects. See firebase-debug.log for more info.
